FILE_TYPE=LIBRARY_PARTS;
PRIMITIVE 'MFS1_2CCT52A1000F','MFS1_2CCT52A1000F_Resistors, Axial Diameter Horizontal Mounting';
  PIN
    '1':
      PIN_NUMBER='(1)';
      NO_LOAD_CHECK=BOTH;
      NO_IO_CHECK=BOTH;
      ALLOW_CONNECT=TRUE;
      PINUSE='UNSPEC';
    '2':
      PIN_NUMBER='(2)';
      NO_LOAD_CHECK=BOTH;
      NO_IO_CHECK=BOTH;
      ALLOW_CONNECT=TRUE;
      PINUSE='UNSPEC';
  END_PIN;
  BODY
    PART_NAME='MFS1_2CCT52A1000F';
    PHYS_DES_PREFIX='R';
    NO_LOAD_CHECK='TRUE';
    PIN_COUNT='2';
    BODY_NAME='MFS1_2CCT52A1000F';
    JEDEC_TYPE='RESAD1550W60L630D230';
  END_BODY;
END_PRIMITIVE;
END.
